[2025-09-03][stop]
[2025-09-03][process_symbol]{"symbol": "CRCL.US", "operations": null, "cache": {"price_history": {"CRCL.US": [122.14]}, "short_ma_history": {}, "long_ma_history": {}}}
[2025-09-03][process_symbol]{"symbol": "CRCL.US", "operations": null, "cache": {"price_history": {"CRCL.US": [122.14, 122.14]}, "short_ma_history": {}, "long_ma_history": {}}}
[2025-09-03][process_symbol]{"symbol": "CRCL.US", "operations": null, "cache": {"price_history": {"CRCL.US": [122.14, 122.14, 122.14]}, "short_ma_history": {}, "long_ma_history": {}}}
[2025-09-03][process_symbol]{"symbol": "CRCL.US", "operations": null, "cache": {"price_history": {"CRCL.US": [122.14, 122.14, 122.14, 122.14]}, "short_ma_history": {}, "long_ma_history": {}}}
[2025-09-03][process_symbol]{"symbol": "CRCL.US", "operations": null, "cache": {"price_history": {"CRCL.US": [122.14, 122.14, 122.14, 122.14, 122.18]}, "short_ma_history": {}, "long_ma_history": {}}}
[2025-09-03][process_symbol]{"symbol": "CRCL.US", "operations": null, "cache": {"price_history": {"CRCL.US": [122.14, 122.14, 122.14, 122.14, 122.18, 122.18]}, "short_ma_history": {}, "long_ma_history": {}}}
[2025-09-03][process_symbol]{"symbol": "CRCL.US", "operations": null, "cache": {"price_history": {"CRCL.US": [122.14, 122.14, 122.14, 122.14, 122.18, 122.18, 122.21]}, "short_ma_history": {}, "long_ma_history": {}}}
[2025-09-03][process_symbol]{"symbol": "CRCL.US", "operations": null, "cache": {"price_history": {"CRCL.US": [122.14, 122.14, 122.14, 122.14, 122.18, 122.18, 122.21, 122.21]}, "short_ma_history": {}, "long_ma_history": {}}}
[2025-09-03][process_symbol]{"symbol": "CRCL.US", "operations": null, "cache": {"price_history": {"CRCL.US": [122.14, 122.14, 122.14, 122.14, 122.18, 122.18, 122.21, 122.21, 122.3]}, "short_ma_history": {}, "long_ma_history": {}}}
[2025-09-03][process_symbol]{"symbol": "CRCL.US", "operations": null, "cache": {"price_history": {"CRCL.US": [122.14, 122.14, 122.14, 122.14, 122.18, 122.18, 122.21, 122.21, 122.3, 122.3]}, "short_ma_history": {}, "long_ma_history": {}}}
[2025-09-03][process_symbol]{"symbol": "CRCL.US", "operations": null, "cache": {"price_history": {"CRCL.US": [122.14, 122.14, 122.14, 122.14, 122.18, 122.18, 122.21, 122.21, 122.3, 122.3, 122.3]}, "short_ma_history": {}, "long_ma_history": {}}}
[2025-09-03][process_symbol]{"symbol": "CRCL.US", "operations": null, "cache": {"price_history": {"CRCL.US": [122.14, 122.14, 122.14, 122.14, 122.18, 122.18, 122.21, 122.21, 122.3, 122.3, 122.3, 122.3]}, "short_ma_history": {}, "long_ma_history": {}}}
[2025-09-03][process_symbol]{"symbol": "CRCL.US", "operations": null, "cache": {"price_history": {"CRCL.US": [122.14, 122.14, 122.14, 122.14, 122.18, 122.18, 122.21, 122.21, 122.3, 122.3, 122.3, 122.3, 122.3]}, "short_ma_history": {}, "long_ma_history": {}}}
[2025-09-03][process_symbol]{"symbol": "CRCL.US", "operations": null, "cache": {"price_history": {"CRCL.US": [122.14, 122.14, 122.14, 122.14, 122.18, 122.18, 122.21, 122.21, 122.3, 122.3, 122.3, 122.3, 122.3, 122.25]}, "short_ma_history": {}, "long_ma_history": {}}}
[2025-09-03][process_symbol]{"symbol": "CRCL.US", "operations": null, "cache": {"price_history": {"CRCL.US": [122.14, 122.14, 122.14, 122.14, 122.18, 122.18, 122.21, 122.21, 122.3, 122.3, 122.3, 122.3, 122.3, 122.25, 122.25]}, "short_ma_history": {}, "long_ma_history": {}}}
[2025-09-03][process_symbol]{"symbol": "CRCL.US", "operations": null, "cache": {"price_history": {"CRCL.US": [122.14, 122.14, 122.14, 122.14, 122.18, 122.18, 122.21, 122.21, 122.3, 122.3, 122.3, 122.3, 122.3, 122.25, 122.25, 122.2]}, "short_ma_history": {}, "long_ma_history": {}}}
[2025-09-03][process_symbol]{"symbol": "CRCL.US", "operations": null, "cache": {"price_history": {"CRCL.US": [122.14, 122.14, 122.14, 122.14, 122.18, 122.18, 122.21, 122.21, 122.3, 122.3, 122.3, 122.3, 122.3, 122.25, 122.25, 122.2, 122.21]}, "short_ma_history": {}, "long_ma_history": {}}}
[2025-09-03][process_symbol]{"symbol": "CRCL.US", "operations": null, "cache": {"price_history": {"CRCL.US": [122.14, 122.14, 122.14, 122.14, 122.18, 122.18, 122.21, 122.21, 122.3, 122.3, 122.3, 122.3, 122.3, 122.25, 122.25, 122.2, 122.21, 122.21]}, "short_ma_history": {}, "long_ma_history": {}}}
[2025-09-03][process_symbol]{"symbol": "CRCL.US", "operations": null, "cache": {"price_history": {"CRCL.US": [122.14, 122.14, 122.14, 122.14, 122.18, 122.18, 122.21, 122.21, 122.3, 122.3, 122.3, 122.3, 122.3, 122.25, 122.25, 122.2, 122.21, 122.21, 122.21]}, "short_ma_history": {}, "long_ma_history": {}}}
[2025-09-03][stop]
